Crash Annotation GraphicsCriticalError: |[0][GFX1-]: glxtest: libpci missing (t=1.17215) [GFX1-]: glxtest: libpci missing
Crash Annotation GraphicsCriticalError: |[0][GFX1-]: glxtest: libpci missing (t=1.17215) |[1][GFX1-]: glxtest: libEGL missing (t=1.17221) [GFX1-]: glxtest: libEGL missing
Crash Annotation GraphicsCriticalError: |[0][GFX1-]: glxtest: libpci missing (t=1.17215) |[1][GFX1-]: glxtest: libEGL missing (t=1.17221) |[2][GFX1-]: glxtest: libGL.so.1 missing (t=1.17223) [GFX1-]: glxtest: libGL.so.1 missing
Crash Annotation GraphicsCriticalError: |[0][GFX1-]: glxtest: libpci missing (t=1.17215) |[1][GFX1-]: glxtest: libEGL missing (t=1.17221) |[2][GFX1-]: glxtest: libGL.so.1 missing (t=1.17223) |[3][GFX1-]: glxtest: libEGL missing (t=1.17225) [GFX1-]: glxtest: libEGL missing
Crash Annotation GraphicsCriticalError: |[0][GFX1-]: glxtest: libpci missing (t=1.17215) |[1][GFX1-]: glxtest: libEGL missing (t=1.17221) |[2][GFX1-]: glxtest: libGL.so.1 missing (t=1.17223) |[3][GFX1-]: glxtest: libEGL missing (t=1.17225) |[4][GFX1-]: No GPUs detected via PCI (t=1.17227) [GFX1-]: No GPUs detected via PCI
Crash Annotation GraphicsCriticalError: |[0][GFX1-]: glxtest: libpci missing (t=1.00045) [GFX1-]: glxtest: libpci missing
Crash Annotation GraphicsCriticalError: |[0][GFX1-]: glxtest: libpci missing (t=1.00045) |[1][GFX1-]: glxtest: libEGL missing (t=1.00049) [GFX1-]: glxtest: libEGL missing
Crash Annotation GraphicsCriticalError: |[0][GFX1-]: glxtest: libpci missing (t=1.00045) |[1][GFX1-]: glxtest: libEGL missing (t=1.00049) |[2][GFX1-]: glxtest: libGL.so.1 missing (t=1.0005) [GFX1-]: glxtest: libGL.so.1 missing
Crash Annotation GraphicsCriticalError: |[0][GFX1-]: glxtest: libpci missing (t=1.00045) |[1][GFX1-]: glxtest: libEGL missing (t=1.00049) |[2][GFX1-]: glxtest: libGL.so.1 missing (t=1.0005) |[3][GFX1-]: glxtest: libEGL missing (t=1.00051) [GFX1-]: glxtest: libEGL missing
Crash Annotation GraphicsCriticalError: |[0][GFX1-]: glxtest: libpci missing (t=1.00045) |[1][GFX1-]: glxtest: libEGL missing (t=1.00049) |[2][GFX1-]: glxtest: libGL.so.1 missing (t=1.0005) |[3][GFX1-]: glxtest: libEGL missing (t=1.00051) |[4][GFX1-]: No GPUs detected via PCI (t=1.00053) [GFX1-]: No GPUs detected via PCI
Crash Annotation GraphicsCriticalError: |[0][GFX1-]: glxtest: libpci missing (t=1.10965) [GFX1-]: glxtest: libpci missing
Crash Annotation GraphicsCriticalError: |[0][GFX1-]: glxtest: libpci missing (t=1.10965) |[1][GFX1-]: glxtest: libEGL missing (t=1.10971) [GFX1-]: glxtest: libEGL missing
Crash Annotation GraphicsCriticalError: |[0][GFX1-]: glxtest: libpci missing (t=1.10965) |[1][GFX1-]: glxtest: libEGL missing (t=1.10971) |[2][GFX1-]: glxtest: libGL.so.1 missing (t=1.10972) [GFX1-]: glxtest: libGL.so.1 missing
Crash Annotation GraphicsCriticalError: |[0][GFX1-]: glxtest: libpci missing (t=1.10965) |[1][GFX1-]: glxtest: libEGL missing (t=1.10971) |[2][GFX1-]: glxtest: libGL.so.1 missing (t=1.10972) |[3][GFX1-]: glxtest: libEGL missing (t=1.10974) [GFX1-]: glxtest: libEGL missing
Crash Annotation GraphicsCriticalError: |[0][GFX1-]: glxtest: libpci missing (t=1.10965) |[1][GFX1-]: glxtest: libEGL missing (t=1.10971) |[2][GFX1-]: glxtest: libGL.so.1 missing (t=1.10972) |[3][GFX1-]: glxtest: libEGL missing (t=1.10974) |[4][GFX1-]: No GPUs detected via PCI (t=1.10976) [GFX1-]: No GPUs detected via PCI
Crash Annotation GraphicsCriticalError: |[0][GFX1-]: glxtest: libpci missing (t=0.970847) [GFX1-]: glxtest: libpci missing
Crash Annotation GraphicsCriticalError: |[0][GFX1-]: glxtest: libpci missing (t=0.970847) |[1][GFX1-]: glxtest: libEGL missing (t=0.970888) [GFX1-]: glxtest: libEGL missing
Crash Annotation GraphicsCriticalError: |[0][GFX1-]: glxtest: libpci missing (t=0.970847) |[1][GFX1-]: glxtest: libEGL missing (t=0.970888) |[2][GFX1-]: glxtest: libGL.so.1 missing (t=0.970901) [GFX1-]: glxtest: libGL.so.1 missing
Crash Annotation GraphicsCriticalError: |[0][GFX1-]: glxtest: libpci missing (t=0.970847) |[1][GFX1-]: glxtest: libEGL missing (t=0.970888) |[2][GFX1-]: glxtest: libGL.so.1 missing (t=0.970901) |[3][GFX1-]: glxtest: libEGL missing (t=0.970913) [GFX1-]: glxtest: libEGL missing
Crash Annotation GraphicsCriticalError: |[0][GFX1-]: glxtest: libpci missing (t=0.970847) |[1][GFX1-]: glxtest: libEGL missing (t=0.970888) |[2][GFX1-]: glxtest: libGL.so.1 missing (t=0.970901) |[3][GFX1-]: glxtest: libEGL missing (t=0.970913) |[4][GFX1-]: No GPUs detected via PCI (t=0.970942) [GFX1-]: No GPUs detected via PCI
Crash Annotation GraphicsCriticalError: |[0][GFX1-]: glxtest: libpci missing (t=0.991976) [GFX1-]: glxtest: libpci missing
Crash Annotation GraphicsCriticalError: |[0][GFX1-]: glxtest: libpci missing (t=0.991976) |[1][GFX1-]: glxtest: libEGL missing (t=0.992012) [GFX1-]: glxtest: libEGL missing
Crash Annotation GraphicsCriticalError: |[0][GFX1-]: glxtest: libpci missing (t=0.991976) |[1][GFX1-]: glxtest: libEGL missing (t=0.992012) |[2][GFX1-]: glxtest: libGL.so.1 missing (t=0.992025) [GFX1-]: glxtest: libGL.so.1 missing
Crash Annotation GraphicsCriticalError: |[0][GFX1-]: glxtest: libpci missing (t=0.991976) |[1][GFX1-]: glxtest: libEGL missing (t=0.992012) |[2][GFX1-]: glxtest: libGL.so.1 missing (t=0.992025) |[3][GFX1-]: glxtest: libEGL missing (t=0.992037) [GFX1-]: glxtest: libEGL missing
Crash Annotation GraphicsCriticalError: |[0][GFX1-]: glxtest: libpci missing (t=0.991976) |[1][GFX1-]: glxtest: libEGL missing (t=0.992012) |[2][GFX1-]: glxtest: libGL.so.1 missing (t=0.992025) |[3][GFX1-]: glxtest: libEGL missing (t=0.992037) |[4][GFX1-]: No GPUs detected via PCI (t=0.992054) [GFX1-]: No GPUs detected via PCI
Crash Annotation GraphicsCriticalError: |[0][GFX1-]: glxtest: libpci missing (t=0.980647) [GFX1-]: glxtest: libpci missing
Crash Annotation GraphicsCriticalError: |[0][GFX1-]: glxtest: libpci missing (t=0.980647) |[1][GFX1-]: glxtest: libEGL missing (t=0.980689) [GFX1-]: glxtest: libEGL missing
Crash Annotation GraphicsCriticalError: |[0][GFX1-]: glxtest: libpci missing (t=0.980647) |[1][GFX1-]: glxtest: libEGL missing (t=0.980689) |[2][GFX1-]: glxtest: libGL.so.1 missing (t=0.980702) [GFX1-]: glxtest: libGL.so.1 missing
Crash Annotation GraphicsCriticalError: |[0][GFX1-]: glxtest: libpci missing (t=0.980647) |[1][GFX1-]: glxtest: libEGL missing (t=0.980689) |[2][GFX1-]: glxtest: libGL.so.1 missing (t=0.980702) |[3][GFX1-]: glxtest: libEGL missing (t=0.980715) [GFX1-]: glxtest: libEGL missing
Crash Annotation GraphicsCriticalError: |[0][GFX1-]: glxtest: libpci missing (t=0.980647) |[1][GFX1-]: glxtest: libEGL missing (t=0.980689) |[2][GFX1-]: glxtest: libGL.so.1 missing (t=0.980702) |[3][GFX1-]: glxtest: libEGL missing (t=0.980715) |[4][GFX1-]: No GPUs detected via PCI (t=0.980733) [GFX1-]: No GPUs detected via PCI
Crash Annotation GraphicsCriticalError: |[0][GFX1-]: glxtest: libpci missing (t=0.978661) [GFX1-]: glxtest: libpci missing
Crash Annotation GraphicsCriticalError: |[0][GFX1-]: glxtest: libpci missing (t=0.978661) |[1][GFX1-]: glxtest: libEGL missing (t=0.978719) [GFX1-]: glxtest: libEGL missing
Crash Annotation GraphicsCriticalError: |[0][GFX1-]: glxtest: libpci missing (t=0.978661) |[1][GFX1-]: glxtest: libEGL missing (t=0.978719) |[2][GFX1-]: glxtest: libGL.so.1 missing (t=0.978732) [GFX1-]: glxtest: libGL.so.1 missing
Crash Annotation GraphicsCriticalError: |[0][GFX1-]: glxtest: libpci missing (t=0.978661) |[1][GFX1-]: glxtest: libEGL missing (t=0.978719) |[2][GFX1-]: glxtest: libGL.so.1 missing (t=0.978732) |[3][GFX1-]: glxtest: libEGL missing (t=0.978745) [GFX1-]: glxtest: libEGL missing
Crash Annotation GraphicsCriticalError: |[0][GFX1-]: glxtest: libpci missing (t=0.978661) |[1][GFX1-]: glxtest: libEGL missing (t=0.978719) |[2][GFX1-]: glxtest: libGL.so.1 missing (t=0.978732) |[3][GFX1-]: glxtest: libEGL missing (t=0.978745) |[4][GFX1-]: No GPUs detected via PCI (t=0.978764) [GFX1-]: No GPUs detected via PCI
Crash Annotation GraphicsCriticalError: |[0][GFX1-]: glxtest: libpci missing (t=1.00131) [GFX1-]: glxtest: libpci missing
Crash Annotation GraphicsCriticalError: |[0][GFX1-]: glxtest: libpci missing (t=1.00131) |[1][GFX1-]: glxtest: libEGL missing (t=1.00138) [GFX1-]: glxtest: libEGL missing
Crash Annotation GraphicsCriticalError: |[0][GFX1-]: glxtest: libpci missing (t=1.00131) |[1][GFX1-]: glxtest: libEGL missing (t=1.00138) |[2][GFX1-]: glxtest: libGL.so.1 missing (t=1.00139) [GFX1-]: glxtest: libGL.so.1 missing
Crash Annotation GraphicsCriticalError: |[0][GFX1-]: glxtest: libpci missing (t=1.00131) |[1][GFX1-]: glxtest: libEGL missing (t=1.00138) |[2][GFX1-]: glxtest: libGL.so.1 missing (t=1.00139) |[3][GFX1-]: glxtest: libEGL missing (t=1.00143) [GFX1-]: glxtest: libEGL missing
Crash Annotation GraphicsCriticalError: |[0][GFX1-]: glxtest: libpci missing (t=1.00131) |[1][GFX1-]: glxtest: libEGL missing (t=1.00138) |[2][GFX1-]: glxtest: libGL.so.1 missing (t=1.00139) |[3][GFX1-]: glxtest: libEGL missing (t=1.00143) |[4][GFX1-]: No GPUs detected via PCI (t=1.00144) [GFX1-]: No GPUs detected via PCI
Crash Annotation GraphicsCriticalError: |[0][GFX1-]: glxtest: libpci missing (t=1.1172) [GFX1-]: glxtest: libpci missing
Crash Annotation GraphicsCriticalError: |[0][GFX1-]: glxtest: libpci missing (t=1.1172) |[1][GFX1-]: glxtest: libEGL missing (t=1.11724) [GFX1-]: glxtest: libEGL missing
Crash Annotation GraphicsCriticalError: |[0][GFX1-]: glxtest: libpci missing (t=1.1172) |[1][GFX1-]: glxtest: libEGL missing (t=1.11724) |[2][GFX1-]: glxtest: libGL.so.1 missing (t=1.11728) [GFX1-]: glxtest: libGL.so.1 missing
Crash Annotation GraphicsCriticalError: |[0][GFX1-]: glxtest: libpci missing (t=1.1172) |[1][GFX1-]: glxtest: libEGL missing (t=1.11724) |[2][GFX1-]: glxtest: libGL.so.1 missing (t=1.11728) |[3][GFX1-]: glxtest: libEGL missing (t=1.11731) [GFX1-]: glxtest: libEGL missing
Crash Annotation GraphicsCriticalError: |[0][GFX1-]: glxtest: libpci missing (t=1.1172) |[1][GFX1-]: glxtest: libEGL missing (t=1.11724) |[2][GFX1-]: glxtest: libGL.so.1 missing (t=1.11728) |[3][GFX1-]: glxtest: libEGL missing (t=1.11731) |[4][GFX1-]: No GPUs detected via PCI (t=1.11735) [GFX1-]: No GPUs detected via PCI
